Build started 26.1.2019. 19.59.04.
     1>Project "C:\Users\tomak\Desktop\VISER\Druga godina\Prvi semestar\Programski jezici\Projekat\iksoks3\iksoks3\iksoks3.vcxproj" on node 2 (build target(s)).
     1>InitializeBuildStatus:
         Creating "Debug\iksoks3.unsuccessfulbuild" because "AlwaysCreate" was specified.
       ClCompile:
         c:\Program Files (x86)\Microsoft Visual Studio 10.0\VC\bin\CL.exe /c /ZI /nologo /W3 /WX- /Od /Oy- /D WIN32 /D _DEBUG /D _CONSOLE /D _UNICODE /D UNICODE /Gm /EHsc /RTC1 /MDd /GS /fp:precise /Zc:wchar_t /Zc:forScope /Fo"Debug\\" /Fd"Debug\vc100.pdb" /Gd /TC /analyze- /errorReport:prompt iksoks3.c
         iksoks3.c
     1>c:\users\tomak\desktop\viser\druga godina\prvi semestar\programski jezici\projekat\iksoks3\iksoks3\iksoks3.c(34): warning C4996: 'scanf': This function or variable may be unsafe. Consider using scanf_s instead. To disable deprecation, use _CRT_SECURE_NO_WARNINGS. See online help for details.
                 c:\program files (x86)\microsoft visual studio 10.0\vc\include\stdio.h(304) : see declaration of 'scanf'
     1>c:\users\tomak\desktop\viser\druga godina\prvi semestar\programski jezici\projekat\iksoks3\iksoks3\iksoks3.c(37): warning C4996: 'scanf': This function or variable may be unsafe. Consider using scanf_s instead. To disable deprecation, use _CRT_SECURE_NO_WARNINGS. See online help for details.
                 c:\program files (x86)\microsoft visual studio 10.0\vc\include\stdio.h(304) : see declaration of 'scanf'
     1>c:\users\tomak\desktop\viser\druga godina\prvi semestar\programski jezici\projekat\iksoks3\iksoks3\iksoks3.c(48): warning C4996: 'scanf': This function or variable may be unsafe. Consider using scanf_s instead. To disable deprecation, use _CRT_SECURE_NO_WARNINGS. See online help for details.
                 c:\program files (x86)\microsoft visual studio 10.0\vc\include\stdio.h(304) : see declaration of 'scanf'
     1>c:\users\tomak\desktop\viser\druga godina\prvi semestar\programski jezici\projekat\iksoks3\iksoks3\iksoks3.c(81): warning C4996: 'scanf': This function or variable may be unsafe. Consider using scanf_s instead. To disable deprecation, use _CRT_SECURE_NO_WARNINGS. See online help for details.
                 c:\program files (x86)\microsoft visual studio 10.0\vc\include\stdio.h(304) : see declaration of 'scanf'
     1>c:\users\tomak\desktop\viser\druga godina\prvi semestar\programski jezici\projekat\iksoks3\iksoks3\iksoks3.c(162): warning C4996: 'fopen': This function or variable may be unsafe. Consider using fopen_s instead. To disable deprecation, use _CRT_SECURE_NO_WARNINGS. See online help for details.
                 c:\program files (x86)\microsoft visual studio 10.0\vc\include\stdio.h(234) : see declaration of 'fopen'
       ManifestResourceCompile:
         c:\Program Files (x86)\Microsoft SDKs\Windows\v7.0A\bin\rc.exe /nologo /fo"Debug\iksoks3.exe.embed.manifest.res" Debug\iksoks3_manifest.rc 
       Link:
         c:\Program Files (x86)\Microsoft Visual Studio 10.0\VC\bin\link.exe /ERRORREPORT:PROMPT /OUT:"C:\Users\tomak\Desktop\VISER\Druga godina\Prvi semestar\Programski jezici\Projekat\iksoks3\Debug\iksoks3.exe" /INCREMENTAL /NOLOGO kernel32.lib user32.lib gdi32.lib winspool.lib comdlg32.lib advapi32.lib shell32.lib ole32.lib oleaut32.lib uuid.lib odbc32.lib odbccp32.lib /MANIFEST /ManifestFile:"Debug\iksoks3.exe.intermediate.manifest" /MANIFESTUAC:"level='asInvoker' uiAccess='false'" /DEBUG /PDB:"C:\Users\tomak\Desktop\VISER\Druga godina\Prvi semestar\Programski jezici\Projekat\iksoks3\Debug\iksoks3.pdb" /SUBSYSTEM:CONSOLE /TLBID:1 /DYNAMICBASE /NXCOMPAT /IMPLIB:"C:\Users\tomak\Desktop\VISER\Druga godina\Prvi semestar\Programski jezici\Projekat\iksoks3\Debug\iksoks3.lib" /MACHINE:X86 Debug\iksoks3.exe.embed.manifest.res
         Debug\iksoks3.obj
       Manifest:
         Deleting file "Debug\iksoks3.exe.embed.manifest".
         c:\Program Files (x86)\Microsoft SDKs\Windows\v7.0A\bin\mt.exe /nologo /verbose /out:"Debug\iksoks3.exe.embed.manifest" /manifest Debug\iksoks3.exe.intermediate.manifest
         c:\Program Files (x86)\Microsoft SDKs\Windows\v7.0A\bin\rc.exe /nologo /fo"Debug\iksoks3.exe.embed.manifest.res" Debug\iksoks3_manifest.rc 
       LinkEmbedManifest:
         c:\Program Files (x86)\Microsoft Visual Studio 10.0\VC\bin\link.exe /ERRORREPORT:PROMPT /OUT:"C:\Users\tomak\Desktop\VISER\Druga godina\Prvi semestar\Programski jezici\Projekat\iksoks3\Debug\iksoks3.exe" /INCREMENTAL /NOLOGO kernel32.lib user32.lib gdi32.lib winspool.lib comdlg32.lib advapi32.lib shell32.lib ole32.lib oleaut32.lib uuid.lib odbc32.lib odbccp32.lib /MANIFEST /ManifestFile:"Debug\iksoks3.exe.intermediate.manifest" /MANIFESTUAC:"level='asInvoker' uiAccess='false'" /DEBUG /PDB:"C:\Users\tomak\Desktop\VISER\Druga godina\Prvi semestar\Programski jezici\Projekat\iksoks3\Debug\iksoks3.pdb" /SUBSYSTEM:CONSOLE /TLBID:1 /DYNAMICBASE /NXCOMPAT /IMPLIB:"C:\Users\tomak\Desktop\VISER\Druga godina\Prvi semestar\Programski jezici\Projekat\iksoks3\Debug\iksoks3.lib" /MACHINE:X86 Debug\iksoks3.exe.embed.manifest.res
         Debug\iksoks3.obj
         iksoks3.vcxproj -> C:\Users\tomak\Desktop\VISER\Druga godina\Prvi semestar\Programski jezici\Projekat\iksoks3\Debug\iksoks3.exe
       FinalizeBuildStatus:
         Deleting file "Debug\iksoks3.unsuccessfulbuild".
         Touching "Debug\iksoks3.lastbuildstate".
     1>Done Building Project "C:\Users\tomak\Desktop\VISER\Druga godina\Prvi semestar\Programski jezici\Projekat\iksoks3\iksoks3\iksoks3.vcxproj" (build target(s)).

Build succeeded.

Time Elapsed 00:00:22.92
